Using pre-set license
Built from '2022.3/staging' branch; Version is '2022.3.43f1 (85497d293fa1) revision 8735101'; Using compiler version '192829333'; Build Type 'Release'
OS: 'Windows 11  (10.0.22631) 64bit Enterprise' Language: 'zh' Physical Memory: 32454 MB
BatchMode: 1, IsHumanControllingUs: 0, StartBugReporterOnCrash: 0, Is64bit: 1, IsPro: 1

COMMAND LINE ARGUMENTS:
C:\Program Files\Unity\Hub\Editor\2022.3.43f1\Editor\Unity.exe
-adb2
-batchMode
-noUpm
-name
AssetImportWorker6
-projectPath
C:/Users/user/Desktop/Live2D-Practice/Live_2D
-logFile
Logs/AssetImportWorker6.log
-srvPort
2050
Successfully changed project path to: C:/Users/user/Desktop/Live2D-Practice/Live_2D
C:/Users/user/Desktop/Live2D-Practice/Live_2D
[UnityMemory] Configuration Parameters - Can be set up in boot.config
    "memorysetup-bucket-allocator-granularity=16"
    "memorysetup-bucket-allocator-bucket-count=8"
    "memorysetup-bucket-allocator-block-size=33554432"
    "memorysetup-bucket-allocator-block-count=8"
    "memorysetup-main-allocator-block-size=16777216"
    "memorysetup-thread-allocator-block-size=16777216"
    "memorysetup-gfx-main-allocator-block-size=16777216"
    "memorysetup-gfx-thread-allocator-block-size=16777216"
    "memorysetup-cache-allocator-block-size=4194304"
    "memorysetup-typetree-allocator-block-size=2097152"
    "memorysetup-profiler-bucket-allocator-granularity=16"
    "memorysetup-profiler-bucket-allocator-bucket-count=8"
    "memorysetup-profiler-bucket-allocator-block-size=33554432"
    "memorysetup-profiler-bucket-allocator-block-count=8"
    "memorysetup-profiler-allocator-block-size=16777216"
    "memorysetup-profiler-editor-allocator-block-size=1048576"
    "memorysetup-temp-allocator-size-main=16777216"
    "memorysetup-job-temp-allocator-block-size=2097152"
    "memorysetup-job-temp-allocator-block-size-background=1048576"
    "memorysetup-job-temp-allocator-reduction-small-platforms=262144"
    "memorysetup-allocator-temp-initial-block-size-main=262144"
    "memorysetup-allocator-temp-initial-block-size-worker=262144"
    "memorysetup-temp-allocator-size-background-worker=32768"
    "memorysetup-temp-allocator-size-job-worker=262144"
    "memorysetup-temp-allocator-size-preload-manager=33554432"
    "memorysetup-temp-allocator-size-nav-mesh-worker=65536"
    "memorysetup-temp-allocator-size-audio-worker=65536"
    "memorysetup-temp-allocator-size-cloud-worker=32768"
    "memorysetup-temp-allocator-size-gi-baking-worker=262144"
    "memorysetup-temp-allocator-size-gfx=262144"
Player connection [18544]  Target information:

Player connection [18544]  * "[IP] 210.62.225.198 [Port] 0 [Flags] 2 [Guid] 2332947691 [EditorId] 2332947691 [Version] 1048832 [Id] WindowsEditor(7,SYB114-48) [Debug] 1 [PackageName] WindowsEditor [ProjectName] Editor" 

Player connection [18544] Host joined multi-casting on [225.0.0.222:54997]...
Player connection [18544] Host joined alternative multi-casting on [225.0.0.222:34997]...
[PhysX] Initialized MultithreadedTaskDispatcher with 24 workers.
Refreshing native plugins compatible for Editor in 7.26 ms, found 5 plugins.
Preloading 0 native plugins for Editor in 0.00 ms.
Initialize engine version: 2022.3.43f1 (85497d293fa1)
[Subsystems] Discovering subsystems at path C:/Program Files/Unity/Hub/Editor/2022.3.43f1/Editor/Data/Resources/UnitySubsystems
[Subsystems] Discovering subsystems at path C:/Users/user/Desktop/Live2D-Practice/Live_2D/Assets
GfxDevice: creating device client; threaded=0; jobified=0
Direct3D:
    Version:  Direct3D 11.0 [level 11.1]
    Renderer: NVIDIA GeForce RTX 4060 (ID=0x2882)
    Vendor:   NVIDIA
    VRAM:     7957 MB
    Driver:   32.0.15.6081
Initialize mono
Mono path[0] = 'C:/Program Files/Unity/Hub/Editor/2022.3.43f1/Editor/Data/Managed'
Mono path[1] = 'C:/Program Files/Unity/Hub/Editor/2022.3.43f1/Editor/Data/MonoBleedingEdge/lib/mono/unityjit-win32'
Mono config path = 'C:/Program Files/Unity/Hub/Editor/2022.3.43f1/Editor/Data/MonoBleedingEdge/etc'
Using monoOptions --debugger-agent=transport=dt_socket,embedding=1,server=y,suspend=n,address=127.0.0.1:56456
Begin MonoManager ReloadAssembly
Registering precompiled unity dll's ...
Register platform support module: C:/Program Files/Unity/Hub/Editor/2022.3.43f1/Editor/Data/PlaybackEngines/WebGLSupport/UnityEditor.WebGL.Extensions.dll
Register platform support module: C:/Program Files/Unity/Hub/Editor/2022.3.43f1/Editor/Data/PlaybackEngines/AndroidPlayer/UnityEditor.Android.Extensions.dll
Register platform support module: C:/Program Files/Unity/Hub/Editor/2022.3.43f1/Editor/Data/PlaybackEngines/WindowsStandaloneSupport/UnityEditor.WindowsStandalone.Extensions.dll
Registered in 0.003433 seconds.
- Loaded All Assemblies, in  0.229 seconds
Native extension for WindowsStandalone target not found
Native extension for Android target not found
Android Extension - Scanning For ADB Devices 142 ms
Native extension for WebGL target not found
Mono: successfully reloaded assembly
- Finished resetting the current domain, in  0.327 seconds
Domain Reload Profiling: 556ms
	BeginReloadAssembly (68ms)
		ExecutionOrderSort (0ms)
		DisableScriptedObjects (0ms)
		BackupInstance (0ms)
		ReleaseScriptingObjects (0ms)
		CreateAndSetChildDomain (1ms)
	RebuildCommonClasses (21ms)
	RebuildNativeTypeToScriptingClass (6ms)
	initialDomainReloadingComplete (37ms)
	LoadAllAssembliesAndSetupDomain (96ms)
		LoadAssemblies (66ms)
		RebuildTransferFunctionScriptingTraits (0ms)
		AnalyzeDomain (94ms)
			TypeCache.Refresh (93ms)
				TypeCache.ScanAssembly (83ms)
			ScanForSourceGeneratedMonoScriptInfo (0ms)
			ResolveRequiredComponents (0ms)
	FinalizeReload (327ms)
		ReleaseScriptCaches (0ms)
		RebuildScriptCaches (0ms)
		SetupLoadedEditorAssemblies (300ms)
			LogAssemblyErrors (0ms)
			InitializePlatformSupportModulesInManaged (193ms)
			SetLoadedEditorAssemblies (3ms)
			RefreshPlugins (0ms)
			BeforeProcessingInitializeOnLoad (1ms)
			ProcessInitializeOnLoadAttributes (76ms)
			ProcessInitializeOnLoadMethodAttributes (27ms)
			AfterProcessingInitializeOnLoad (0ms)
			EditorAssembliesLoaded (0ms)
		ExecutionOrderSort2 (0ms)
		AwakeInstancesAfterBackupRestoration (0ms)
========================================================================
Worker process is ready to serve import requests
Caller must complete domain reload
Begin MonoManager ReloadAssembly
- Loaded All Assemblies, in  0.511 seconds
Native extension for WindowsStandalone target not found
Native extension for Android target not found
Native extension for WebGL target not found
Package Manager log level set to [2]
[Package Manager] Server::EnsureServerProcessIsRunning -- launch failed, reason: Unity was launched with the -noUpm command-line argument
[Package Manager] UpmClient::Send -- Unable to send message (not connected to UPM process).
[Package Manager] Cannot connect to Unity Package Manager local server
Mono: successfully reloaded assembly
- Finished resetting the current domain, in  0.471 seconds
Domain Reload Profiling: 981ms
	BeginReloadAssembly (100ms)
		ExecutionOrderSort (0ms)
		DisableScriptedObjects (4ms)
		BackupInstance (0ms)
		ReleaseScriptingObjects (0ms)
		CreateAndSetChildDomain (14ms)
	RebuildCommonClasses (25ms)
	RebuildNativeTypeToScriptingClass (6ms)
	initialDomainReloadingComplete (31ms)
	LoadAllAssembliesAndSetupDomain (348ms)
		LoadAssemblies (247ms)
		RebuildTransferFunctionScriptingTraits (0ms)
		AnalyzeDomain (157ms)
			TypeCache.Refresh (134ms)
				TypeCache.ScanAssembly (118ms)
			ScanForSourceGeneratedMonoScriptInfo (18ms)
			ResolveRequiredComponents (4ms)
	FinalizeReload (472ms)
		ReleaseScriptCaches (0ms)
		RebuildScriptCaches (0ms)
		SetupLoadedEditorAssemblies (361ms)
			LogAssemblyErrors (0ms)
			InitializePlatformSupportModulesInManaged (12ms)
			SetLoadedEditorAssemblies (3ms)
			RefreshPlugins (0ms)
			BeforeProcessingInitializeOnLoad (62ms)
			ProcessInitializeOnLoadAttributes (253ms)
			ProcessInitializeOnLoadMethodAttributes (28ms)
			AfterProcessingInitializeOnLoad (3ms)
			EditorAssembliesLoaded (0ms)
		ExecutionOrderSort2 (0ms)
		AwakeInstancesAfterBackupRestoration (4ms)
Launched and connected shader compiler UnityShaderCompiler.exe after 0.03 seconds
Refreshing native plugins compatible for Editor in 7.07 ms, found 5 plugins.
Preloading 0 native plugins for Editor in 0.00 ms.
Unloading 4216 Unused Serialized files (Serialized files now loaded: 0)
Unloading 33 unused Assets / (57.6 KB). Loaded Objects now: 4687.
Memory consumption went from 145.4 MB to 145.4 MB.
Total: 2.389800 ms (FindLiveObjects: 0.177700 ms CreateObjectMapping: 0.104100 ms MarkObjects: 2.022900 ms  DeleteObjects: 0.084200 ms)

AssetImportParameters requested are different than current active one (requested -> active):
  custom:container-demuxer-ogg: 62fdf1f143b41e24485cea50d1cbac27 -> 
  custom:video-decoder-ogg-theora: a1e56fd34408186e4bbccfd4996cb3dc -> 
  custom:framework-win-MediaFoundation: 216162199b28c13a410421893ffa2e32 -> 
  custom:CustomObjectIndexerAttribute: 9a22284fe3817be447336de3de66b15e -> 
  custom:container-demuxer-webm: 4f35f7cbe854078d1ac9338744f61a02 -> 
  custom:container-muxer-webm: aa71ff27fc2769a1b78a27578f13a17b -> 
  custom:video-decoder-webm-vp8: 9c59270c3fd7afecdb556c50c9e8de78 -> 
  custom:SearchIndexIgnoredProperties: e643bd26f0fe6173181afceb89e7c659 -> 
  custom:AudioImporter_EditorPlatform: d09bf68614088b80899f8185d706f6e7 -> 
  custom:video-encoder-webm-vp8: eb34c28f22e8b96e1ab97ce403110664 -> 
  custom:audio-decoder-ogg-vorbis: bf7c407c2cedff20999df2af8eb42d56 -> 
  custom:audio-encoder-webm-vorbis: bf7c407c2cedff20999df2af8eb42d56 -> 
========================================================================
Received Import Request.
  Time since last request: 1635.929504 seconds.
  path: Assets/Live2D/Cubism/Samples/Models/Mao/expressions/exp_03.exp3.asset
  artifactKey: Guid(0ae1309d870f7fd46b41882f37c9f040) Importer(2089858483,0ecaa5967403d082aa24f35e1b516d23)
Start importing Assets/Live2D/Cubism/Samples/Models/Mao/expressions/exp_03.exp3.asset using Guid(0ae1309d870f7fd46b41882f37c9f040) Importer(2089858483,0ecaa5967403d082aa24f35e1b516d23) [PhysX] Initialized MultithreadedTaskDispatcher with 24 workers.
 -> (artifact id: '2f6631c3ebe983a98d4deed96274f9a8') in 0.074447 seconds
Number of updated asset objects reloaded before import = 0
Number of asset objects unloaded after import = 1
========================================================================
Received Import Request.
  Time since last request: 0.000022 seconds.
  path: Assets/Live2D/Cubism/Samples/Models/Rice/Rice.moc3
  artifactKey: Guid(02d755eadacd6084f8c31726a0cd2915) Importer(2089858483,0ecaa5967403d082aa24f35e1b516d23)
Start importing Assets/Live2D/Cubism/Samples/Models/Rice/Rice.moc3 using Guid(02d755eadacd6084f8c31726a0cd2915) Importer(2089858483,0ecaa5967403d082aa24f35e1b516d23) [PhysX] Initialized MultithreadedTaskDispatcher with 24 workers.
 -> (artifact id: 'c9dfd233ab2e8d156e73cb246c54336e') in 0.007558 seconds
Number of updated asset objects reloaded before import = 0
Number of asset objects unloaded after import = 1
========================================================================
Received Import Request.
  Time since last request: 0.000013 seconds.
  path: Assets/ç®€/è¡€.exp3.asset
  artifactKey: Guid(fb0d386d0e051b94fbeb6cb3093c6cbf) Importer(2089858483,0ecaa5967403d082aa24f35e1b516d23)
Start importing Assets/ç®€/è¡€.exp3.asset using Guid(fb0d386d0e051b94fbeb6cb3093c6cbf) Importer(2089858483,0ecaa5967403d082aa24f35e1b516d23) [PhysX] Initialized MultithreadedTaskDispatcher with 24 workers.
 -> (artifact id: '54f98c0ea16c26bb70168fceb222de63') in 0.011056 seconds
Number of updated asset objects reloaded before import = 0
Number of asset objects unloaded after import = 1
========================================================================
Received Import Request.
  Time since last request: 0.000013 seconds.
  path: Assets/Live2D/Cubism/Samples/Models/Natori/exp/exp_03.exp3.asset
  artifactKey: Guid(295986b38229e1f44a5db5bf59f5cb4c) Importer(2089858483,0ecaa5967403d082aa24f35e1b516d23)
Start importing Assets/Live2D/Cubism/Samples/Models/Natori/exp/exp_03.exp3.asset using Guid(295986b38229e1f44a5db5bf59f5cb4c) Importer(2089858483,0ecaa5967403d082aa24f35e1b516d23) [PhysX] Initialized MultithreadedTaskDispatcher with 24 workers.
 -> (artifact id: 'ecf361e066e3bc6b4f89d62bf6d795b5') in 0.009963 seconds
Number of updated asset objects reloaded before import = 0
Number of asset objects unloaded after import = 1
========================================================================
Received Import Request.
  Time since last request: 0.000014 seconds.
  path: Assets/Live2D/Cubism/Samples/Models/Natori/exp/exp_02.exp3.asset
  artifactKey: Guid(5f7e2afb46f6df840b9aa43869258198) Importer(2089858483,0ecaa5967403d082aa24f35e1b516d23)
Start importing Assets/Live2D/Cubism/Samples/Models/Natori/exp/exp_02.exp3.asset using Guid(5f7e2afb46f6df840b9aa43869258198) Importer(2089858483,0ecaa5967403d082aa24f35e1b516d23) [PhysX] Initialized MultithreadedTaskDispatcher with 24 workers.
 -> (artifact id: '3d4c801dbdaa375ea40752d6b68e8a18') in 0.009114 seconds
Number of updated asset objects reloaded before import = 0
Number of asset objects unloaded after import = 1
========================================================================
Received Import Request.
  Time since last request: 0.000017 seconds.
  path: Assets/Live2D/Cubism/Samples/Models/Natori/exp/exp_08.exp3.json
  artifactKey: Guid(08fca5d8aa9deb14993a0a75c4d03c0a) Importer(2089858483,0ecaa5967403d082aa24f35e1b516d23)
Start importing Assets/Live2D/Cubism/Samples/Models/Natori/exp/exp_08.exp3.json using Guid(08fca5d8aa9deb14993a0a75c4d03c0a) Importer(2089858483,0ecaa5967403d082aa24f35e1b516d23) [PhysX] Initialized MultithreadedTaskDispatcher with 24 workers.
 -> (artifact id: 'cedc5b5615b21c2bf992f3c723d231b6') in 0.008962 seconds
Number of updated asset objects reloaded before import = 0
Number of asset objects unloaded after import = 1
========================================================================
Received Import Request.
  Time since last request: 0.000013 seconds.
  path: Assets/Live2D/Cubism/Rendering/Resources/Live2D/Cubism/Materials/MaskCulling.mat
  artifactKey: Guid(3efcf46cd84d6e946a927b69fb60a102) Importer(2089858483,0ecaa5967403d082aa24f35e1b516d23)
Start importing Assets/Live2D/Cubism/Rendering/Resources/Live2D/Cubism/Materials/MaskCulling.mat using Guid(3efcf46cd84d6e946a927b69fb60a102) Importer(2089858483,0ecaa5967403d082aa24f35e1b516d23) [PhysX] Initialized MultithreadedTaskDispatcher with 24 workers.
 -> (artifact id: '2a0db96e204dc325caa31e4a73b6f03b') in 0.013725 seconds
Number of updated asset objects reloaded before import = 0
Number of asset objects unloaded after import = 1
========================================================================
Received Import Request.
  Time since last request: 0.000013 seconds.
  path: Assets/Live2D/Cubism/Rendering/Resources/Live2D/Cubism/Shaders/CubismCG.cginc
  artifactKey: Guid(aa066ca44cc057b449edabbc01021abd) Importer(2089858483,0ecaa5967403d082aa24f35e1b516d23)
Start importing Assets/Live2D/Cubism/Rendering/Resources/Live2D/Cubism/Shaders/CubismCG.cginc using Guid(aa066ca44cc057b449edabbc01021abd) Importer(2089858483,0ecaa5967403d082aa24f35e1b516d23) [PhysX] Initialized MultithreadedTaskDispatcher with 24 workers.
 -> (artifact id: '79cb626149324ae85281995f42089c52') in 0.007177 seconds
Number of updated asset objects reloaded before import = 0
Number of asset objects unloaded after import = 1
========================================================================
Received Import Request.
  Time since last request: 0.000013 seconds.
  path: Assets/Live2D/Cubism/Samples/Models/Rice/motions/mtn_03.fade.asset
  artifactKey: Guid(5efbc554e23c94f4bb6b2d0d632e54b6) Importer(2089858483,0ecaa5967403d082aa24f35e1b516d23)
Start importing Assets/Live2D/Cubism/Samples/Models/Rice/motions/mtn_03.fade.asset using Guid(5efbc554e23c94f4bb6b2d0d632e54b6) Importer(2089858483,0ecaa5967403d082aa24f35e1b516d23) [PhysX] Initialized MultithreadedTaskDispatcher with 24 workers.
 -> (artifact id: 'e146463c820058ed5501741f48ac85d8') in 0.009055 seconds
Number of updated asset objects reloaded before import = 0
Number of asset objects unloaded after import = 1
========================================================================
Received Import Request.
  Time since last request: 0.000013 seconds.
  path: Assets/Live2D/Cubism/Samples/Models/Natori/motions/mtn_05.fade.asset
  artifactKey: Guid(8fa81345265d4d248a4ed30b9a51db94) Importer(2089858483,0ecaa5967403d082aa24f35e1b516d23)
Start importing Assets/Live2D/Cubism/Samples/Models/Natori/motions/mtn_05.fade.asset using Guid(8fa81345265d4d248a4ed30b9a51db94) Importer(2089858483,0ecaa5967403d082aa24f35e1b516d23) [PhysX] Initialized MultithreadedTaskDispatcher with 24 workers.
 -> (artifact id: '1f5e35c8d59ebcb4d62b04c5590e2a2d') in 0.008444 seconds
Number of updated asset objects reloaded before import = 0
Number of asset objects unloaded after import = 1
========================================================================
Received Import Request.
  Time since last request: 0.000014 seconds.
  path: Assets/Live2D/Cubism/Samples/Models/Rice/motions/mtn_00.fade.asset
  artifactKey: Guid(a6d3a5ada8705fa4a8369f9d39a168d4) Importer(2089858483,0ecaa5967403d082aa24f35e1b516d23)
Start importing Assets/Live2D/Cubism/Samples/Models/Rice/motions/mtn_00.fade.asset using Guid(a6d3a5ada8705fa4a8369f9d39a168d4) Importer(2089858483,0ecaa5967403d082aa24f35e1b516d23) [PhysX] Initialized MultithreadedTaskDispatcher with 24 workers.
 -> (artifact id: 'b8533c2cac727eef5e9f6b826e1ce938') in 0.009545 seconds
Number of updated asset objects reloaded before import = 0
Number of asset objects unloaded after import = 1
========================================================================
Received Import Request.
  Time since last request: 0.000016 seconds.
  path: Assets/Live2D/Cubism/Rendering/Resources/Live2D/Cubism/Materials/UnlitMasked.mat
  artifactKey: Guid(02ccb0de1b300f9479fde7273c0f07f1) Importer(2089858483,0ecaa5967403d082aa24f35e1b516d23)
Start importing Assets/Live2D/Cubism/Rendering/Resources/Live2D/Cubism/Materials/UnlitMasked.mat using Guid(02ccb0de1b300f9479fde7273c0f07f1) Importer(2089858483,0ecaa5967403d082aa24f35e1b516d23) [PhysX] Initialized MultithreadedTaskDispatcher with 24 workers.
 -> (artifact id: '39b7e479d33a08152556637b3aa29d6c') in 0.027980 seconds
Number of updated asset objects reloaded before import = 0
Number of asset objects unloaded after import = 1
========================================================================
Received Import Request.
  Time since last request: 0.000014 seconds.
  path: Assets/Live2D/Cubism/Samples/Models/Rice/motions/mtn_03.motion3.json
  artifactKey: Guid(b48839e173748204d8a07d6a3f9c643e) Importer(2089858483,0ecaa5967403d082aa24f35e1b516d23)
Start importing Assets/Live2D/Cubism/Samples/Models/Rice/motions/mtn_03.motion3.json using Guid(b48839e173748204d8a07d6a3f9c643e) Importer(2089858483,0ecaa5967403d082aa24f35e1b516d23) [PhysX] Initialized MultithreadedTaskDispatcher with 24 workers.
 -> (artifact id: '65696c6e599e3e92dd7b257d1dcd9110') in 0.009739 seconds
Number of updated asset objects reloaded before import = 0
Number of asset objects unloaded after import = 1
========================================================================
Received Import Request.
  Time since last request: 0.000015 seconds.
  path: Assets/Live2D/Cubism/Samples/Models/Natori/motions/mtn_01.motion3.json
  artifactKey: Guid(2d4b4f47b57ad8f4289d47530caa645e) Importer(2089858483,0ecaa5967403d082aa24f35e1b516d23)
Start importing Assets/Live2D/Cubism/Samples/Models/Natori/motions/mtn_01.motion3.json using Guid(2d4b4f47b57ad8f4289d47530caa645e) Importer(2089858483,0ecaa5967403d082aa24f35e1b516d23) [PhysX] Initialized MultithreadedTaskDispatcher with 24 workers.
 -> (artifact id: '47571665909af9cecacd28bff4e80bc9') in 0.008514 seconds
Number of updated asset objects reloaded before import = 0
Number of asset objects unloaded after import = 1
========================================================================
Received Import Request.
  Time since last request: 0.000013 seconds.
  path: Assets/Live2D/Cubism/Samples/Models/Natori/motions/mtn_05.anim
  artifactKey: Guid(7de50f8fb451f644ab16f6c737b27a92) Importer(2089858483,0ecaa5967403d082aa24f35e1b516d23)
Start importing Assets/Live2D/Cubism/Samples/Models/Natori/motions/mtn_05.anim using Guid(7de50f8fb451f644ab16f6c737b27a92) Importer(2089858483,0ecaa5967403d082aa24f35e1b516d23) [PhysX] Initialized MultithreadedTaskDispatcher with 24 workers.
 -> (artifact id: 'bd0dd050894772b223d6371de06e54bb') in 0.016645 seconds
Number of updated asset objects reloaded before import = 0
Number of asset objects unloaded after import = 1
========================================================================
Received Import Request.
  Time since last request: 0.000016 seconds.
  path: Assets/Live2D/Cubism/Samples/Models/Rice/Rice.2048/texture_01.png
  artifactKey: Guid(2c7584d2d7571dc4282238ec75a89c63) Importer(2089858483,0ecaa5967403d082aa24f35e1b516d23)
Start importing Assets/Live2D/Cubism/Samples/Models/Rice/Rice.2048/texture_01.png using Guid(2c7584d2d7571dc4282238ec75a89c63) Importer(2089858483,0ecaa5967403d082aa24f35e1b516d23) [PhysX] Initialized MultithreadedTaskDispatcher with 24 workers.
 -> (artifact id: '66af01660be5e62adf0b4b69eb974583') in 0.040932 seconds
Number of updated asset objects reloaded before import = 0
Number of asset objects unloaded after import = 3
Editor requested this worker to shutdown with reason: Scaling down because of idle timeout
TcpMessagingSession - receive error: operation aborted. errorcode: 995, details: ¦]¬°°õ¦æºüµ²§ô©ÎÀ³¥Îµ{¦¡­n¨D¡A©Ò¥H¤w¤¤¤î I/O ¾Þ§@¡C
AssetImportWorker is now disconnected from the server
Process exiting
Exiting without the bug reporter. Application will terminate with return code 0